<?xml version="1.0" encoding="UTF-8"?>
<coverage generated="1716278714236" clover="3.2.0">
  <project timestamp="1716278714237" name="All files">
    <metrics statements="8" coveredstatements="8" conditionals="0" coveredconditionals="0" methods="0" coveredmethods="0" elements="8" coveredelements="8" complexity="0" loc="8" ncloc="8" packages="1" files="2" classes="2"/>
    <file name="donation_model.ts" path="C:\Users\amnav\Desktop\year C\backend project\Backend\client\src\models\donation_model.ts">
      <metrics statements="4" coveredstatements="4" conditionals="0" coveredconditionals="0" methods="0" coveredmethods="0"/>
      <line num="1" count="2" type="stmt"/>
      <line num="25" count="2" type="stmt"/>
      <line num="62" count="2" type="stmt"/>
      <line num="63" count="2" type="stmt"/>
    </file>
    <file name="donor_model.ts" path="C:\Users\amnav\Desktop\year C\backend project\Backend\client\src\models\donor_model.ts">
      <metrics statements="4" coveredstatements="4" conditionals="0" coveredconditionals="0" methods="0" coveredmethods="0"/>
      <line num="1" count="2" type="stmt"/>
      <line num="16" count="2" type="stmt"/>
      <line num="49" count="2" type="stmt"/>
      <line num="51" count="2" type="stmt"/>
    </file>
  </project>
</coverage>
