{"C:\\Users\\97252\\Desktop\\studies\\year c\\semester b\\final project\\Final Project\\back1\\Backend\\src\\App.ts": {"path":"C:\\Users\\97252\\Desktop\\studies\\year c\\semester b\\final project\\Final Project\\back1\\Backend\\src\\App.ts","statementMap":{"0":{"start":{"line":1,"column":0},"end":{"line":1,"column":25}},"1":{"start":{"line":5,"column":0},"end":{"line":5,"column":43}},"2":{"start":{"line":6,"column":0},"end":{"line":6,"column":32}},"3":{"start":{"line":7,"column":0},"end":{"line":7,"column":37}},"4":{"start":{"line":9,"column":0},"end":{"line":9,"column":44}},"5":{"start":{"line":10,"column":0},"end":{"line":10,"column":52}},"6":{"start":{"line":11,"column":0},"end":{"line":11,"column":46}},"7":{"start":{"line":12,"column":0},"end":{"line":12,"column":44}},"8":{"start":{"line":13,"column":0},"end":{"line":13,"column":70}},"9":{"start":{"line":14,"column":0},"end":{"line":14,"column":43}},"10":{"start":{"line":15,"column":0},"end":{"line":15,"column":41}},"11":{"start":{"line":16,"column":0},"end":{"line":16,"column":24}},"12":{"start":{"line":17,"column":0},"end":{"line":17,"column":13}},"13":{"start":{"line":19,"column":0},"end":{"line":27,"column":null}},"14":{"start":{"line":20,"column":2},"end":{"line":20,"column":60}},"15":{"start":{"line":21,"column":2},"end":{"line":21,"column":36}},"16":{"start":{"line":23,"column":6},"end":{"line":27,"column":null}},"17":{"start":{"line":24,"column":2},"end":{"line":24,"column":36}},"18":{"start":{"line":26,"column":2},"end":{"line":26,"column":31}},"19":{"start":{"line":31,"column":16},"end":{"line":111,"column":1}},"20":{"start":{"line":35,"column":1},"end":{"line":35,"column":60}},"21":{"start":{"line":36,"column":1},"end":{"line":36,"column":56}},"22":{"start":{"line":37,"column":18},"end":{"line":108,"column":4}},"23":{"start":{"line":38,"column":4},"end":{"line":107,"column":null}},"24":{"start":{"line":39,"column":17},"end":{"line":39,"column":36}},"25":{"start":{"line":40,"column":6},"end":{"line":40,"column":66}},"26":{"start":{"line":40,"column":28},"end":{"line":40,"column":64}},"27":{"start":{"line":41,"column":6},"end":{"line":44,"column":9}},"28":{"start":{"line":42,"column":8},"end":{"line":42,"column":58}},"29":{"start":{"line":43,"column":8},"end":{"line":43,"column":22}},"30":{"start":{"line":46,"column":18},"end":{"line":46,"column":36}},"31":{"start":{"line":47,"column":6},"end":{"line":49,"column":null}},"32":{"start":{"line":48,"column":8},"end":{"line":48,"column":78}},"33":{"start":{"line":51,"column":6},"end":{"line":103,"column":11}},"34":{"start":{"line":53,"column":22},"end":{"line":53,"column":31}},"35":{"start":{"line":54,"column":10},"end":{"line":54,"column":26}},"36":{"start":{"line":55,"column":10},"end":{"line":55,"column":37}},"37":{"start":{"line":56,"column":10},"end":{"line":56,"column":61}},"38":{"start":{"line":58,"column":10},"end":{"line":63,"column":13}},"39":{"start":{"line":59,"column":12},"end":{"line":59,"column":59}},"40":{"start":{"line":60,"column":12},"end":{"line":60,"column":60}},"41":{"start":{"line":61,"column":12},"end":{"line":61,"column":60}},"42":{"start":{"line":62,"column":12},"end":{"line":62,"column":19}},"43":{"start":{"line":65,"column":26},"end":{"line":76,"column":12}},"44":{"start":{"line":77,"column":24},"end":{"line":77,"column":45}},"45":{"start":{"line":78,"column":10},"end":{"line":78,"column":72}},"46":{"start":{"line":80,"column":10},"end":{"line":84,"column":14}},"47":{"start":{"line":87,"column":10},"end":{"line":87,"column":38}},"48":{"start":{"line":88,"column":10},"end":{"line":88,"column":46}},"49":{"start":{"line":89,"column":10},"end":{"line":89,"column":40}},"50":{"start":{"line":90,"column":10},"end":{"line":90,"column":40}},"51":{"start":{"line":91,"column":10},"end":{"line":91,"column":64}},"52":{"start":{"line":92,"column":10},"end":{"line":92,"column":55}},"53":{"start":{"line":93,"column":10},"end":{"line":93,"column":null}},"54":{"start":{"line":94,"column":10},"end":{"line":96,"column":13}},"55":{"start":{"line":95,"column":12},"end":{"line":95,"column":51}},"56":{"start":{"line":98,"column":10},"end":{"line":98,"column":23}},"57":{"start":{"line":101,"column":10},"end":{"line":101,"column":60}},"58":{"start":{"line":102,"column":10},"end":{"line":102,"column":24}},"59":{"start":{"line":105,"column":6},"end":{"line":105,"column":52}},"60":{"start":{"line":106,"column":6},"end":{"line":106,"column":20}},"61":{"start":{"line":110,"column":2},"end":{"line":110,"column":17}},"62":{"start":{"line":113,"column":0},"end":{"line":113,"column":23}}},"fnMap":{"0":{"name":"(anonymous_1)","decl":{"start":{"line":31,"column":16},"end":{"line":31,"column":37}},"loc":{"start":{"line":31,"column":39},"end":{"line":111,"column":1}}},"1":{"name":"(anonymous_2)","decl":{"start":{"line":37,"column":39},"end":{"line":37,"column":40}},"loc":{"start":{"line":37,"column":59},"end":{"line":108,"column":3}}},"2":{"name":"(anonymous_3)","decl":{"start":{"line":40,"column":22},"end":{"line":40,"column":25}},"loc":{"start":{"line":40,"column":28},"end":{"line":40,"column":64}}},"3":{"name":"(anonymous_4)","decl":{"start":{"line":41,"column":21},"end":{"line":41,"column":22}},"loc":{"start":{"line":41,"column":31},"end":{"line":44,"column":7}}},"4":{"name":"(anonymous_5)","decl":{"start":{"line":52,"column":14},"end":{"line":52,"column":17}},"loc":{"start":{"line":52,"column":19},"end":{"line":99,"column":9}}},"5":{"name":"(anonymous_6)","decl":{"start":{"line":58,"column":18},"end":{"line":58,"column":19}},"loc":{"start":{"line":58,"column":37},"end":{"line":63,"column":11}}},"6":{"name":"(anonymous_7)","decl":{"start":{"line":94,"column":22},"end":{"line":94,"column":32}},"loc":{"start":{"line":94,"column":40},"end":{"line":96,"column":11}}},"7":{"name":"(anonymous_8)","decl":{"start":{"line":100,"column":15},"end":{"line":100,"column":20}},"loc":{"start":{"line":100,"column":23},"end":{"line":103,"column":9}}}},"branchMap":{"0":{"loc":{"start":{"line":19,"column":0},"end":{"line":27,"column":null}},"type":"if","locations":[{"start":{"line":19,"column":0},"end":{"line":27,"column":null}},{"start":{"line":23,"column":6},"end":{"line":27,"column":null}}]},"1":{"loc":{"start":{"line":23,"column":6},"end":{"line":27,"column":null}},"type":"if","locations":[{"start":{"line":23,"column":6},"end":{"line":27,"column":null}},{"start":{"line":25,"column":7},"end":{"line":27,"column":null}}]},"2":{"loc":{"start":{"line":47,"column":6},"end":{"line":49,"column":null}},"type":"if","locations":[{"start":{"line":47,"column":6},"end":{"line":49,"column":null}}]}},"s":{"0":5,"1":5,"2":5,"3":5,"4":5,"5":5,"6":5,"7":5,"8":5,"9":5,"10":5,"11":5,"12":5,"13":5,"14":5,"15":5,"16":0,"17":0,"18":0,"19":5,"20":5,"21":5,"22":5,"23":5,"24":5,"25":5,"26":5,"27":5,"28":0,"29":0,"30":5,"31":5,"32":0,"33":5,"34":5,"35":5,"36":5,"37":5,"38":5,"39":62,"40":62,"41":62,"42":62,"43":5,"44":5,"45":5,"46":5,"47":5,"48":5,"49":5,"50":5,"51":5,"52":5,"53":5,"54":5,"55":0,"56":5,"57":0,"58":0,"59":0,"60":0,"61":5,"62":5},"f":{"0":5,"1":5,"2":5,"3":0,"4":5,"5":62,"6":0,"7":0},"b":{"0":[5,0],"1":[0,0],"2":[0]}}
,"C:\\Users\\97252\\Desktop\\studies\\year c\\semester b\\final project\\Final Project\\back1\\Backend\\src\\common\\auth_middelware.ts": {"path":"C:\\Users\\97252\\Desktop\\studies\\year c\\semester b\\final project\\Final Project\\back1\\Backend\\src\\common\\auth_middelware.ts","statementMap":{"0":{"start":{"line":2,"column":0},"end":{"line":2,"column":31}},"1":{"start":{"line":7,"column":23},"end":{"line":19,"column":1}},"2":{"start":{"line":8,"column":23},"end":{"line":8,"column":51}},"3":{"start":{"line":9,"column":18},"end":{"line":9,"column":56}},"4":{"start":{"line":10,"column":4},"end":{"line":10,"column":50}},"5":{"start":{"line":10,"column":23},"end":{"line":10,"column":50}},"6":{"start":{"line":11,"column":4},"end":{"line":18,"column":7}},"7":{"start":{"line":12,"column":8},"end":{"line":15,"column":null}},"8":{"start":{"line":13,"column":12},"end":{"line":13,"column":55}},"9":{"start":{"line":14,"column":12},"end":{"line":14,"column":39}},"10":{"start":{"line":16,"column":8},"end":{"line":16,"column":43}},"11":{"start":{"line":17,"column":8},"end":{"line":17,"column":15}},"12":{"start":{"line":21,"column":0},"end":{"line":21,"column":30}}},"fnMap":{"0":{"name":"(anonymous_1)","decl":{"start":{"line":7,"column":23},"end":{"line":7,"column":24}},"loc":{"start":{"line":7,"column":80},"end":{"line":19,"column":1}}},"1":{"name":"(anonymous_2)","decl":{"start":{"line":11,"column":46},"end":{"line":11,"column":47}},"loc":{"start":{"line":11,"column":60},"end":{"line":18,"column":5}}}},"branchMap":{"0":{"loc":{"start":{"line":9,"column":18},"end":{"line":9,"column":56}},"type":"binary-expr","locations":[{"start":{"line":9,"column":18},"end":{"line":9,"column":28}},{"start":{"line":9,"column":32},"end":{"line":9,"column":56}}]},"1":{"loc":{"start":{"line":10,"column":4},"end":{"line":10,"column":50}},"type":"if","locations":[{"start":{"line":10,"column":4},"end":{"line":10,"column":50}}]},"2":{"loc":{"start":{"line":12,"column":8},"end":{"line":15,"column":null}},"type":"if","locations":[{"start":{"line":12,"column":8},"end":{"line":15,"column":null}}]}},"s":{"0":5,"1":5,"2":22,"3":22,"4":22,"5":1,"6":21,"7":21,"8":2,"9":2,"10":19,"11":19,"12":5},"f":{"0":22,"1":21},"b":{"0":[22,21],"1":[1],"2":[2]}}
,"C:\\Users\\97252\\Desktop\\studies\\year c\\semester b\\final project\\Final Project\\back1\\Backend\\src\\controllers\\auth_controller.ts": {"path":"C:\\Users\\97252\\Desktop\\studies\\year c\\semester b\\final project\\Final Project\\back1\\Backend\\src\\controllers\\auth_controller.ts","statementMap":{"0":{"start":{"line":2,"column":0},"end":{"line":2,"column":54}},"1":{"start":{"line":3,"column":0},"end":{"line":3,"column":28}},"2":{"start":{"line":4,"column":0},"end":{"line":4,"column":31}},"3":{"start":{"line":5,"column":0},"end":{"line":5,"column":51}},"4":{"start":{"line":9,"column":15},"end":{"line":9,"column":33}},"5":{"start":{"line":11,"column":21},"end":{"line":47,"column":2}},"6":{"start":{"line":11,"column":59},"end":{"line":47,"column":2}},"7":{"start":{"line":12,"column":4},"end":{"line":46,"column":null}},"8":{"start":{"line":13,"column":23},"end":{"line":16,"column":10}},"9":{"start":{"line":17,"column":24},"end":{"line":17,"column":43}},"10":{"start":{"line":19,"column":22},"end":{"line":19,"column":36}},"11":{"start":{"line":20,"column":8},"end":{"line":42,"column":null}},"12":{"start":{"line":21,"column":24},"end":{"line":21,"column":63}},"13":{"start":{"line":22,"column":12},"end":{"line":32,"column":null}},"14":{"start":{"line":23,"column":16},"end":{"line":31,"column":19}},"15":{"start":{"line":33,"column":27},"end":{"line":33,"column":54}},"16":{"start":{"line":34,"column":12},"end":{"line":38,"column":15}},"17":{"start":{"line":39,"column":12},"end":{"line":39,"column":53}},"18":{"start":{"line":41,"column":12},"end":{"line":41,"column":64}},"19":{"start":{"line":44,"column":8},"end":{"line":44,"column":50}},"20":{"start":{"line":45,"column":8},"end":{"line":45,"column":49}},"21":{"start":{"line":49,"column":23},"end":{"line":63,"column":null}},"22":{"start":{"line":49,"column":58},"end":{"line":63,"column":null}},"23":{"start":{"line":50,"column":24},"end":{"line":50,"column":119}},"24":{"start":{"line":51,"column":25},"end":{"line":51,"column":85}},"25":{"start":{"line":52,"column":4},"end":{"line":56,"column":null}},"26":{"start":{"line":53,"column":8},"end":{"line":53,"column":45}},"27":{"start":{"line":55,"column":8},"end":{"line":55,"column":47}},"28":{"start":{"line":58,"column":4},"end":{"line":58,"column":23}},"29":{"start":{"line":59,"column":4},"end":{"line":62,"column":6}},"30":{"start":{"line":65,"column":17},"end":{"line":104,"column":2}},"31":{"start":{"line":65,"column":55},"end":{"line":104,"column":2}},"32":{"start":{"line":66,"column":94},"end":{"line":66,"column":102}},"33":{"start":{"line":67,"column":4},"end":{"line":69,"column":null}},"34":{"start":{"line":68,"column":8},"end":{"line":68,"column":65}},"35":{"start":{"line":70,"column":4},"end":{"line":103,"column":null}},"36":{"start":{"line":71,"column":30},"end":{"line":71,"column":69}},"37":{"start":{"line":72,"column":8},"end":{"line":74,"column":null}},"38":{"start":{"line":73,"column":12},"end":{"line":73,"column":64}},"39":{"start":{"line":75,"column":21},"end":{"line":75,"column":45}},"40":{"start":{"line":76,"column":34},"end":{"line":76,"column":67}},"41":{"start":{"line":77,"column":25},"end":{"line":87,"column":10}},"42":{"start":{"line":89,"column":23},"end":{"line":89,"column":53}},"43":{"start":{"line":90,"column":8},"end":{"line":99,"column":11}},"44":{"start":{"line":101,"column":8},"end":{"line":101,"column":40}},"45":{"start":{"line":102,"column":8},"end":{"line":102,"column":41}},"46":{"start":{"line":106,"column":14},"end":{"line":136,"column":null}},"47":{"start":{"line":106,"column":52},"end":{"line":136,"column":null}},"48":{"start":{"line":107,"column":32},"end":{"line":107,"column":40}},"49":{"start":{"line":108,"column":4},"end":{"line":111,"column":null}},"50":{"start":{"line":109,"column":8},"end":{"line":109,"column":49}},"51":{"start":{"line":110,"column":8},"end":{"line":110,"column":65}},"52":{"start":{"line":112,"column":4},"end":{"line":135,"column":null}},"53":{"start":{"line":113,"column":22},"end":{"line":113,"column":61}},"54":{"start":{"line":114,"column":8},"end":{"line":117,"column":null}},"55":{"start":{"line":115,"column":12},"end":{"line":115,"column":55}},"56":{"start":{"line":116,"column":12},"end":{"line":116,"column":71}},"57":{"start":{"line":118,"column":22},"end":{"line":118,"column":68}},"58":{"start":{"line":119,"column":8},"end":{"line":122,"column":null}},"59":{"start":{"line":120,"column":12},"end":{"line":120,"column":56}},"60":{"start":{"line":121,"column":12},"end":{"line":121,"column":71}},"61":{"start":{"line":123,"column":23},"end":{"line":123,"column":50}},"62":{"start":{"line":124,"column":8},"end":{"line":132,"column":11}},"63":{"start":{"line":134,"column":8},"end":{"line":134,"column":71}},"64":{"start":{"line":138,"column":15},"end":{"line":162,"column":null}},"65":{"start":{"line":138,"column":53},"end":{"line":162,"column":null}},"66":{"start":{"line":139,"column":23},"end":{"line":139,"column":51}},"67":{"start":{"line":140,"column":25},"end":{"line":140,"column":63}},"68":{"start":{"line":141,"column":4},"end":{"line":141,"column":57}},"69":{"start":{"line":141,"column":30},"end":{"line":141,"column":57}},"70":{"start":{"line":142,"column":4},"end":{"line":161,"column":7}},"71":{"start":{"line":142,"column":101},"end":{"line":161,"column":6}},"72":{"start":{"line":143,"column":8},"end":{"line":143,"column":44}},"73":{"start":{"line":143,"column":17},"end":{"line":143,"column":44}},"74":{"start":{"line":144,"column":8},"end":{"line":160,"column":null}},"75":{"start":{"line":145,"column":28},"end":{"line":145,"column":69}},"76":{"start":{"line":146,"column":12},"end":{"line":157,"column":null}},"77":{"start":{"line":147,"column":16},"end":{"line":156,"column":null}},"78":{"start":{"line":148,"column":20},"end":{"line":148,"column":47}},"79":{"start":{"line":149,"column":20},"end":{"line":149,"column":41}},"80":{"start":{"line":150,"column":20},"end":{"line":150,"column":47}},"81":{"start":{"line":152,"column":20},"end":{"line":152,"column":98}},"82":{"start":{"line":152,"column":78},"end":{"line":152,"column":96}},"83":{"start":{"line":153,"column":20},"end":{"line":153,"column":41}},"84":{"start":{"line":154,"column":20},"end":{"line":154,"column":50}},"85":{"start":{"line":155,"column":20},"end":{"line":155,"column":47}},"86":{"start":{"line":159,"column":12},"end":{"line":159,"column":50}},"87":{"start":{"line":164,"column":16},"end":{"line":204,"column":null}},"88":{"start":{"line":164,"column":54},"end":{"line":204,"column":null}},"89":{"start":{"line":165,"column":23},"end":{"line":165,"column":51}},"90":{"start":{"line":166,"column":25},"end":{"line":166,"column":63}},"91":{"start":{"line":167,"column":4},"end":{"line":167,"column":57}},"92":{"start":{"line":167,"column":30},"end":{"line":167,"column":57}},"93":{"start":{"line":168,"column":4},"end":{"line":168,"column":49}},"94":{"start":{"line":169,"column":4},"end":{"line":203,"column":7}},"95":{"start":{"line":169,"column":101},"end":{"line":203,"column":6}},"96":{"start":{"line":170,"column":8},"end":{"line":173,"column":null}},"97":{"start":{"line":171,"column":12},"end":{"line":171,"column":58}},"98":{"start":{"line":172,"column":12},"end":{"line":172,"column":39}},"99":{"start":{"line":174,"column":8},"end":{"line":202,"column":null}},"100":{"start":{"line":175,"column":28},"end":{"line":175,"column":69}},"101":{"start":{"line":176,"column":12},"end":{"line":179,"column":null}},"102":{"start":{"line":177,"column":16},"end":{"line":177,"column":47}},"103":{"start":{"line":178,"column":16},"end":{"line":178,"column":43}},"104":{"start":{"line":180,"column":12},"end":{"line":186,"column":null}},"105":{"start":{"line":181,"column":16},"end":{"line":181,"column":77}},"106":{"start":{"line":182,"column":16},"end":{"line":182,"column":43}},"107":{"start":{"line":183,"column":16},"end":{"line":183,"column":37}},"108":{"start":{"line":184,"column":16},"end":{"line":184,"column":49}},"109":{"start":{"line":185,"column":16},"end":{"line":185,"column":43}},"110":{"start":{"line":187,"column":32},"end":{"line":187,"column":127}},"111":{"start":{"line":188,"column":36},"end":{"line":188,"column":96}},"112":{"start":{"line":189,"column":12},"end":{"line":189,"column":90}},"113":{"start":{"line":189,"column":70},"end":{"line":189,"column":88}},"114":{"start":{"line":190,"column":12},"end":{"line":190,"column":56}},"115":{"start":{"line":191,"column":12},"end":{"line":191,"column":33}},"116":{"start":{"line":192,"column":12},"end":{"line":192,"column":59}},"117":{"start":{"line":193,"column":12},"end":{"line":193,"column":63}},"118":{"start":{"line":194,"column":12},"end":{"line":194,"column":48}},"119":{"start":{"line":195,"column":12},"end":{"line":198,"column":15}},"120":{"start":{"line":200,"column":12},"end":{"line":200,"column":58}},"121":{"start":{"line":201,"column":12},"end":{"line":201,"column":50}},"122":{"start":{"line":207,"column":20},"end":{"line":234,"column":2}},"123":{"start":{"line":207,"column":58},"end":{"line":234,"column":2}},"124":{"start":{"line":208,"column":30},"end":{"line":208,"column":38}},"125":{"start":{"line":209,"column":4},"end":{"line":211,"column":null}},"126":{"start":{"line":210,"column":8},"end":{"line":210,"column":65}},"127":{"start":{"line":212,"column":4},"end":{"line":233,"column":null}},"128":{"start":{"line":213,"column":21},"end":{"line":213,"column":45}},"129":{"start":{"line":214,"column":34},"end":{"line":214,"column":67}},"130":{"start":{"line":215,"column":22},"end":{"line":218,"column":null}},"131":{"start":{"line":220,"column":23},"end":{"line":220,"column":50}},"132":{"start":{"line":221,"column":8},"end":{"line":229,"column":11}},"133":{"start":{"line":231,"column":8},"end":{"line":231,"column":43}},"134":{"start":{"line":232,"column":8},"end":{"line":232,"column":41}},"135":{"start":{"line":237,"column":0},"end":{"line":245,"column":null}}},"fnMap":{"0":{"name":"(anonymous_8)","decl":{"start":{"line":11,"column":21},"end":{"line":11,"column":28}},"loc":{"start":{"line":11,"column":59},"end":{"line":47,"column":2}}},"1":{"name":"(anonymous_9)","decl":{"start":{"line":11,"column":59},"end":{"line":11,"column":null}},"loc":{"start":{"line":11,"column":59},"end":{"line":47,"column":1}}},"2":{"name":"(anonymous_10)","decl":{"start":{"line":49,"column":23},"end":{"line":49,"column":30}},"loc":{"start":{"line":49,"column":58},"end":{"line":63,"column":null}}},"3":{"name":"(anonymous_11)","decl":{"start":{"line":49,"column":58},"end":{"line":49,"column":null}},"loc":{"start":{"line":49,"column":58},"end":{"line":63,"column":1}}},"4":{"name":"(anonymous_12)","decl":{"start":{"line":65,"column":17},"end":{"line":65,"column":24}},"loc":{"start":{"line":65,"column":55},"end":{"line":104,"column":2}}},"5":{"name":"(anonymous_13)","decl":{"start":{"line":65,"column":55},"end":{"line":65,"column":null}},"loc":{"start":{"line":65,"column":55},"end":{"line":104,"column":1}}},"6":{"name":"(anonymous_14)","decl":{"start":{"line":106,"column":14},"end":{"line":106,"column":21}},"loc":{"start":{"line":106,"column":52},"end":{"line":136,"column":null}}},"7":{"name":"(anonymous_15)","decl":{"start":{"line":106,"column":52},"end":{"line":106,"column":null}},"loc":{"start":{"line":106,"column":52},"end":{"line":136,"column":1}}},"8":{"name":"(anonymous_16)","decl":{"start":{"line":138,"column":15},"end":{"line":138,"column":22}},"loc":{"start":{"line":138,"column":53},"end":{"line":162,"column":null}}},"9":{"name":"(anonymous_17)","decl":{"start":{"line":138,"column":53},"end":{"line":138,"column":null}},"loc":{"start":{"line":138,"column":53},"end":{"line":162,"column":1}}},"10":{"name":"(anonymous_18)","decl":{"start":{"line":142,"column":61},"end":{"line":142,"column":68}},"loc":{"start":{"line":142,"column":101},"end":{"line":161,"column":6}}},"11":{"name":"(anonymous_19)","decl":{"start":{"line":142,"column":101},"end":{"line":142,"column":null}},"loc":{"start":{"line":142,"column":101},"end":{"line":161,"column":5}}},"12":{"name":"(anonymous_20)","decl":{"start":{"line":152,"column":73},"end":{"line":152,"column":74}},"loc":{"start":{"line":152,"column":78},"end":{"line":152,"column":96}}},"13":{"name":"(anonymous_21)","decl":{"start":{"line":164,"column":16},"end":{"line":164,"column":23}},"loc":{"start":{"line":164,"column":54},"end":{"line":204,"column":null}}},"14":{"name":"(anonymous_22)","decl":{"start":{"line":164,"column":54},"end":{"line":164,"column":null}},"loc":{"start":{"line":164,"column":54},"end":{"line":204,"column":1}}},"15":{"name":"(anonymous_23)","decl":{"start":{"line":169,"column":61},"end":{"line":169,"column":68}},"loc":{"start":{"line":169,"column":101},"end":{"line":203,"column":6}}},"16":{"name":"(anonymous_24)","decl":{"start":{"line":169,"column":101},"end":{"line":169,"column":null}},"loc":{"start":{"line":169,"column":101},"end":{"line":203,"column":5}}},"17":{"name":"(anonymous_25)","decl":{"start":{"line":189,"column":65},"end":{"line":189,"column":66}},"loc":{"start":{"line":189,"column":70},"end":{"line":189,"column":88}}},"18":{"name":"(anonymous_26)","decl":{"start":{"line":207,"column":20},"end":{"line":207,"column":27}},"loc":{"start":{"line":207,"column":58},"end":{"line":234,"column":2}}},"19":{"name":"(anonymous_27)","decl":{"start":{"line":207,"column":58},"end":{"line":207,"column":null}},"loc":{"start":{"line":207,"column":58},"end":{"line":234,"column":1}}}},"branchMap":{"0":{"loc":{"start":{"line":19,"column":22},"end":{"line":19,"column":36}},"type":"cond-expr","locations":[{"start":{"line":19,"column":29},"end":{"line":19,"column":31}},{"start":{"line":19,"column":22},"end":{"line":19,"column":36}}]},"1":{"loc":{"start":{"line":19,"column":22},"end":{"line":19,"column":31}},"type":"binary-expr","locations":[{"start":{"line":19,"column":22},"end":{"line":19,"column":31}},{"start":{"line":19,"column":22},"end":{"line":19,"column":31}}]},"2":{"loc":{"start":{"line":20,"column":8},"end":{"line":42,"column":null}},"type":"if","locations":[{"start":{"line":20,"column":8},"end":{"line":42,"column":null}},{"start":{"line":40,"column":15},"end":{"line":42,"column":null}}]},"3":{"loc":{"start":{"line":22,"column":12},"end":{"line":32,"column":null}},"type":"if","locations":[{"start":{"line":22,"column":12},"end":{"line":32,"column":null}}]},"4":{"loc":{"start":{"line":24,"column":33},"end":{"line":24,"column":46}},"type":"cond-expr","locations":[{"start":{"line":24,"column":40},"end":{"line":24,"column":42}},{"start":{"line":24,"column":33},"end":{"line":24,"column":46}}]},"5":{"loc":{"start":{"line":24,"column":33},"end":{"line":24,"column":42}},"type":"binary-expr","locations":[{"start":{"line":24,"column":33},"end":{"line":24,"column":42}},{"start":{"line":24,"column":33},"end":{"line":24,"column":42}}]},"6":{"loc":{"start":{"line":25,"column":32},"end":{"line":25,"column":52}},"type":"cond-expr","locations":[{"start":{"line":25,"column":39},"end":{"line":25,"column":41}},{"start":{"line":25,"column":32},"end":{"line":25,"column":52}}]},"7":{"loc":{"start":{"line":25,"column":32},"end":{"line":25,"column":41}},"type":"binary-expr","locations":[{"start":{"line":25,"column":32},"end":{"line":25,"column":41}},{"start":{"line":25,"column":32},"end":{"line":25,"column":41}}]},"8":{"loc":{"start":{"line":52,"column":4},"end":{"line":56,"column":null}},"type":"if","locations":[{"start":{"line":52,"column":4},"end":{"line":56,"column":null}},{"start":{"line":54,"column":11},"end":{"line":56,"column":null}}]},"9":{"loc":{"start":{"line":67,"column":4},"end":{"line":69,"column":null}},"type":"if","locations":[{"start":{"line":67,"column":4},"end":{"line":69,"column":null}}]},"10":{"loc":{"start":{"line":67,"column":8},"end":{"line":67,"column":27}},"type":"binary-expr","locations":[{"start":{"line":67,"column":8},"end":{"line":67,"column":14}},{"start":{"line":67,"column":18},"end":{"line":67,"column":27}}]},"11":{"loc":{"start":{"line":72,"column":8},"end":{"line":74,"column":null}},"type":"if","locations":[{"start":{"line":72,"column":8},"end":{"line":74,"column":null}}]},"12":{"loc":{"start":{"line":108,"column":4},"end":{"line":111,"column":null}},"type":"if","locations":[{"start":{"line":108,"column":4},"end":{"line":111,"column":null}}]},"13":{"loc":{"start":{"line":108,"column":8},"end":{"line":108,"column":27}},"type":"binary-expr","locations":[{"start":{"line":108,"column":8},"end":{"line":108,"column":14}},{"start":{"line":108,"column":18},"end":{"line":108,"column":27}}]},"14":{"loc":{"start":{"line":114,"column":8},"end":{"line":117,"column":null}},"type":"if","locations":[{"start":{"line":114,"column":8},"end":{"line":117,"column":null}}]},"15":{"loc":{"start":{"line":119,"column":8},"end":{"line":122,"column":null}},"type":"if","locations":[{"start":{"line":119,"column":8},"end":{"line":122,"column":null}}]},"16":{"loc":{"start":{"line":140,"column":25},"end":{"line":140,"column":63}},"type":"binary-expr","locations":[{"start":{"line":140,"column":25},"end":{"line":140,"column":35}},{"start":{"line":140,"column":39},"end":{"line":140,"column":63}}]},"17":{"loc":{"start":{"line":141,"column":4},"end":{"line":141,"column":57}},"type":"if","locations":[{"start":{"line":141,"column":4},"end":{"line":141,"column":57}}]},"18":{"loc":{"start":{"line":143,"column":8},"end":{"line":143,"column":44}},"type":"if","locations":[{"start":{"line":143,"column":8},"end":{"line":143,"column":44}}]},"19":{"loc":{"start":{"line":146,"column":12},"end":{"line":157,"column":null}},"type":"if","locations":[{"start":{"line":146,"column":12},"end":{"line":157,"column":null}}]},"20":{"loc":{"start":{"line":147,"column":16},"end":{"line":156,"column":null}},"type":"if","locations":[{"start":{"line":147,"column":16},"end":{"line":156,"column":null}},{"start":{"line":151,"column":23},"end":{"line":156,"column":null}}]},"21":{"loc":{"start":{"line":147,"column":20},"end":{"line":147,"column":91}},"type":"binary-expr","locations":[{"start":{"line":147,"column":20},"end":{"line":147,"column":42}},{"start":{"line":147,"column":46},"end":{"line":147,"column":91}}]},"22":{"loc":{"start":{"line":166,"column":25},"end":{"line":166,"column":63}},"type":"binary-expr","locations":[{"start":{"line":166,"column":25},"end":{"line":166,"column":35}},{"start":{"line":166,"column":39},"end":{"line":166,"column":63}}]},"23":{"loc":{"start":{"line":167,"column":4},"end":{"line":167,"column":57}},"type":"if","locations":[{"start":{"line":167,"column":4},"end":{"line":167,"column":57}}]},"24":{"loc":{"start":{"line":170,"column":8},"end":{"line":173,"column":null}},"type":"if","locations":[{"start":{"line":170,"column":8},"end":{"line":173,"column":null}}]},"25":{"loc":{"start":{"line":176,"column":12},"end":{"line":179,"column":null}},"type":"if","locations":[{"start":{"line":176,"column":12},"end":{"line":179,"column":null}}]},"26":{"loc":{"start":{"line":180,"column":12},"end":{"line":186,"column":null}},"type":"if","locations":[{"start":{"line":180,"column":12},"end":{"line":186,"column":null}}]},"27":{"loc":{"start":{"line":180,"column":16},"end":{"line":180,"column":87}},"type":"binary-expr","locations":[{"start":{"line":180,"column":16},"end":{"line":180,"column":38}},{"start":{"line":180,"column":42},"end":{"line":180,"column":87}}]},"28":{"loc":{"start":{"line":209,"column":4},"end":{"line":211,"column":null}},"type":"if","locations":[{"start":{"line":209,"column":4},"end":{"line":211,"column":null}}]},"29":{"loc":{"start":{"line":209,"column":8},"end":{"line":209,"column":27}},"type":"binary-expr","locations":[{"start":{"line":209,"column":8},"end":{"line":209,"column":14}},{"start":{"line":209,"column":18},"end":{"line":209,"column":27}}]}},"s":{"0":5,"1":5,"2":5,"3":5,"4":5,"5":5,"6":0,"7":0,"8":0,"9":0,"10":0,"11":0,"12":0,"13":0,"14":0,"15":0,"16":0,"17":0,"18":0,"19":0,"20":0,"21":5,"22":8,"23":8,"24":8,"25":8,"26":0,"27":8,"28":8,"29":8,"30":5,"31":8,"32":8,"33":8,"34":3,"35":5,"36":5,"37":5,"38":2,"39":3,"40":3,"41":3,"42":3,"43":3,"44":0,"45":0,"46":5,"47":10,"48":10,"49":10,"50":3,"51":3,"52":7,"53":7,"54":7,"55":2,"56":2,"57":5,"58":5,"59":0,"60":0,"61":5,"62":5,"63":0,"64":5,"65":4,"66":4,"67":4,"68":4,"69":1,"70":3,"71":3,"72":3,"73":1,"74":2,"75":2,"76":2,"77":2,"78":1,"79":1,"80":1,"81":1,"82":1,"83":1,"84":1,"85":1,"86":0,"87":5,"88":3,"89":3,"90":3,"91":3,"92":0,"93":3,"94":3,"95":3,"96":3,"97":0,"98":0,"99":3,"100":3,"101":3,"102":0,"103":0,"104":3,"105":2,"106":2,"107":2,"108":2,"109":2,"110":1,"111":1,"112":1,"113":2,"114":1,"115":1,"116":1,"117":1,"118":1,"119":1,"120":0,"121":0,"122":5,"123":0,"124":0,"125":0,"126":0,"127":0,"128":0,"129":0,"130":0,"131":0,"132":0,"133":0,"134":0,"135":5},"f":{"0":0,"1":0,"2":8,"3":8,"4":8,"5":8,"6":10,"7":10,"8":4,"9":4,"10":3,"11":3,"12":1,"13":3,"14":3,"15":3,"16":3,"17":2,"18":0,"19":0},"b":{"0":[0,0],"1":[0,0],"2":[0,0],"3":[0],"4":[0,0],"5":[0,0],"6":[0,0],"7":[0,0],"8":[0,8],"9":[3],"10":[8,6],"11":[2],"12":[3],"13":[10,8],"14":[2],"15":[0],"16":[4,3],"17":[1],"18":[1],"19":[2],"20":[1,1],"21":[2,2],"22":[3,3],"23":[0],"24":[0],"25":[0],"26":[2],"27":[3,3],"28":[0],"29":[0,0]}}
,"C:\\Users\\97252\\Desktop\\studies\\year c\\semester b\\final project\\Final Project\\back1\\Backend\\src\\controllers\\donation_controller.ts": {"path":"C:\\Users\\97252\\Desktop\\studies\\year c\\semester b\\final project\\Final Project\\back1\\Backend\\src\\controllers\\donation_controller.ts","statementMap":{"0":{"start":{"line":2,"column":0},"end":{"line":2,"column":46}},"1":{"start":{"line":3,"column":0},"end":{"line":3,"column":32}},"2":{"start":{"line":5,"column":24},"end":{"line":12,"column":2}},"3":{"start":{"line":5,"column":77},"end":{"line":12,"column":2}},"4":{"start":{"line":6,"column":4},"end":{"line":11,"column":null}},"5":{"start":{"line":7,"column":26},"end":{"line":7,"column":65}},"6":{"start":{"line":8,"column":8},"end":{"line":8,"column":40}},"7":{"start":{"line":10,"column":8},"end":{"line":10,"column":74}},"8":{"start":{"line":14,"column":24},"end":{"line":26,"column":2}},"9":{"start":{"line":14,"column":77},"end":{"line":26,"column":2}},"10":{"start":{"line":15,"column":4},"end":{"line":25,"column":null}},"11":{"start":{"line":16,"column":23},"end":{"line":16,"column":33}},"12":{"start":{"line":17,"column":25},"end":{"line":17,"column":70}},"13":{"start":{"line":18,"column":8},"end":{"line":21,"column":null}},"14":{"start":{"line":19,"column":12},"end":{"line":19,"column":55}},"15":{"start":{"line":20,"column":12},"end":{"line":20,"column":19}},"16":{"start":{"line":22,"column":8},"end":{"line":22,"column":39}},"17":{"start":{"line":24,"column":8},"end":{"line":24,"column":73}},"18":{"start":{"line":28,"column":23},"end":{"line":41,"column":2}},"19":{"start":{"line":28,"column":76},"end":{"line":41,"column":2}},"20":{"start":{"line":29,"column":4},"end":{"line":40,"column":null}},"21":{"start":{"line":30,"column":23},"end":{"line":30,"column":33}},"22":{"start":{"line":31,"column":25},"end":{"line":31,"column":104}},"23":{"start":{"line":32,"column":8},"end":{"line":35,"column":null}},"24":{"start":{"line":33,"column":12},"end":{"line":33,"column":68}},"25":{"start":{"line":34,"column":12},"end":{"line":34,"column":19}},"26":{"start":{"line":36,"column":8},"end":{"line":36,"column":39}},"27":{"start":{"line":38,"column":8},"end":{"line":38,"column":57}},"28":{"start":{"line":39,"column":8},"end":{"line":39,"column":69}},"29":{"start":{"line":43,"column":23},"end":{"line":56,"column":2}},"30":{"start":{"line":43,"column":76},"end":{"line":56,"column":2}},"31":{"start":{"line":44,"column":4},"end":{"line":55,"column":null}},"32":{"start":{"line":45,"column":23},"end":{"line":45,"column":33}},"33":{"start":{"line":46,"column":23},"end":{"line":46,"column":59}},"34":{"start":{"line":47,"column":8},"end":{"line":49,"column":null}},"35":{"start":{"line":48,"column":12},"end":{"line":48,"column":53}},"36":{"start":{"line":51,"column":8},"end":{"line":51,"column":62}},"37":{"start":{"line":53,"column":8},"end":{"line":53,"column":57}},"38":{"start":{"line":54,"column":8},"end":{"line":54,"column":56}},"39":{"start":{"line":58,"column":23},"end":{"line":67,"column":2}},"40":{"start":{"line":58,"column":76},"end":{"line":67,"column":2}},"41":{"start":{"line":59,"column":2},"end":{"line":66,"column":null}},"42":{"start":{"line":60,"column":63},"end":{"line":60,"column":71}},"43":{"start":{"line":61,"column":21},"end":{"line":61,"column":52}},"44":{"start":{"line":62,"column":4},"end":{"line":62,"column":35}},"45":{"start":{"line":64,"column":4},"end":{"line":64,"column":54}},"46":{"start":{"line":65,"column":4},"end":{"line":65,"column":66}},"47":{"start":{"line":70,"column":29},"end":{"line":92,"column":2}},"48":{"start":{"line":70,"column":82},"end":{"line":92,"column":2}},"49":{"start":{"line":71,"column":2},"end":{"line":91,"column":null}},"50":{"start":{"line":72,"column":25},"end":{"line":72,"column":35}},"51":{"start":{"line":73,"column":6},"end":{"line":73,"column":62}},"52":{"start":{"line":75,"column":6},"end":{"line":78,"column":null}},"53":{"start":{"line":76,"column":10},"end":{"line":76,"column":54}},"54":{"start":{"line":77,"column":10},"end":{"line":77,"column":17}},"55":{"start":{"line":80,"column":24},"end":{"line":80,"column":109}},"56":{"start":{"line":82,"column":6},"end":{"line":86,"column":null}},"57":{"start":{"line":83,"column":10},"end":{"line":83,"column":58}},"58":{"start":{"line":84,"column":10},"end":{"line":84,"column":67}},"59":{"start":{"line":85,"column":10},"end":{"line":85,"column":17}},"60":{"start":{"line":87,"column":6},"end":{"line":87,"column":38}},"61":{"start":{"line":89,"column":6},"end":{"line":89,"column":65}},"62":{"start":{"line":90,"column":6},"end":{"line":90,"column":77}},"63":{"start":{"line":94,"column":0},"end":{"line":101,"column":2}}},"fnMap":{"0":{"name":"(anonymous_8)","decl":{"start":{"line":5,"column":24},"end":{"line":5,"column":31}},"loc":{"start":{"line":5,"column":77},"end":{"line":12,"column":2}}},"1":{"name":"(anonymous_9)","decl":{"start":{"line":5,"column":77},"end":{"line":5,"column":null}},"loc":{"start":{"line":5,"column":77},"end":{"line":12,"column":1}}},"2":{"name":"(anonymous_10)","decl":{"start":{"line":14,"column":24},"end":{"line":14,"column":31}},"loc":{"start":{"line":14,"column":77},"end":{"line":26,"column":2}}},"3":{"name":"(anonymous_11)","decl":{"start":{"line":14,"column":77},"end":{"line":14,"column":null}},"loc":{"start":{"line":14,"column":77},"end":{"line":26,"column":1}}},"4":{"name":"(anonymous_12)","decl":{"start":{"line":28,"column":23},"end":{"line":28,"column":30}},"loc":{"start":{"line":28,"column":76},"end":{"line":41,"column":2}}},"5":{"name":"(anonymous_13)","decl":{"start":{"line":28,"column":76},"end":{"line":28,"column":null}},"loc":{"start":{"line":28,"column":76},"end":{"line":41,"column":1}}},"6":{"name":"(anonymous_14)","decl":{"start":{"line":43,"column":23},"end":{"line":43,"column":30}},"loc":{"start":{"line":43,"column":76},"end":{"line":56,"column":2}}},"7":{"name":"(anonymous_15)","decl":{"start":{"line":43,"column":76},"end":{"line":43,"column":null}},"loc":{"start":{"line":43,"column":76},"end":{"line":56,"column":1}}},"8":{"name":"(anonymous_16)","decl":{"start":{"line":58,"column":23},"end":{"line":58,"column":30}},"loc":{"start":{"line":58,"column":76},"end":{"line":67,"column":2}}},"9":{"name":"(anonymous_17)","decl":{"start":{"line":58,"column":76},"end":{"line":58,"column":null}},"loc":{"start":{"line":58,"column":76},"end":{"line":67,"column":1}}},"10":{"name":"(anonymous_18)","decl":{"start":{"line":70,"column":29},"end":{"line":70,"column":36}},"loc":{"start":{"line":70,"column":82},"end":{"line":92,"column":2}}},"11":{"name":"(anonymous_19)","decl":{"start":{"line":70,"column":82},"end":{"line":70,"column":null}},"loc":{"start":{"line":70,"column":82},"end":{"line":92,"column":1}}}},"branchMap":{"0":{"loc":{"start":{"line":18,"column":8},"end":{"line":21,"column":null}},"type":"if","locations":[{"start":{"line":18,"column":8},"end":{"line":21,"column":null}}]},"1":{"loc":{"start":{"line":32,"column":8},"end":{"line":35,"column":null}},"type":"if","locations":[{"start":{"line":32,"column":8},"end":{"line":35,"column":null}}]},"2":{"loc":{"start":{"line":47,"column":8},"end":{"line":49,"column":null}},"type":"if","locations":[{"start":{"line":47,"column":8},"end":{"line":49,"column":null}}]},"3":{"loc":{"start":{"line":75,"column":6},"end":{"line":78,"column":null}},"type":"if","locations":[{"start":{"line":75,"column":6},"end":{"line":78,"column":null}}]},"4":{"loc":{"start":{"line":82,"column":6},"end":{"line":86,"column":null}},"type":"if","locations":[{"start":{"line":82,"column":6},"end":{"line":86,"column":null}}]}},"s":{"0":5,"1":5,"2":5,"3":3,"4":3,"5":3,"6":3,"7":0,"8":5,"9":1,"10":1,"11":1,"12":1,"13":1,"14":0,"15":0,"16":1,"17":0,"18":5,"19":2,"20":2,"21":2,"22":2,"23":1,"24":0,"25":0,"26":1,"27":1,"28":1,"29":5,"30":3,"31":3,"32":3,"33":3,"34":2,"35":0,"36":2,"37":1,"38":1,"39":5,"40":2,"41":2,"42":2,"43":2,"44":2,"45":0,"46":0,"47":5,"48":0,"49":0,"50":0,"51":0,"52":0,"53":0,"54":0,"55":0,"56":0,"57":0,"58":0,"59":0,"60":0,"61":0,"62":0,"63":5},"f":{"0":3,"1":3,"2":1,"3":1,"4":2,"5":2,"6":3,"7":3,"8":2,"9":2,"10":0,"11":0},"b":{"0":[0],"1":[0],"2":[0],"3":[0],"4":[0]}}
,"C:\\Users\\97252\\Desktop\\studies\\year c\\semester b\\final project\\Final Project\\back1\\Backend\\src\\controllers\\donor_controller.ts": {"path":"C:\\Users\\97252\\Desktop\\studies\\year c\\semester b\\final project\\Final Project\\back1\\Backend\\src\\controllers\\donor_controller.ts","statementMap":{"0":{"start":{"line":2,"column":0},"end":{"line":2,"column":47}},"1":{"start":{"line":6,"column":4},"end":{"line":11,"column":null}},"2":{"start":{"line":7,"column":21},"end":{"line":7,"column":44}},"3":{"start":{"line":8,"column":6},"end":{"line":8,"column":35}},"4":{"start":{"line":10,"column":6},"end":{"line":10,"column":55}},"5":{"start":{"line":15,"column":4},"end":{"line":24,"column":null}},"6":{"start":{"line":16,"column":20},"end":{"line":16,"column":60}},"7":{"start":{"line":17,"column":6},"end":{"line":19,"column":null}},"8":{"start":{"line":18,"column":8},"end":{"line":18,"column":68}},"9":{"start":{"line":20,"column":6},"end":{"line":20,"column":34}},"10":{"start":{"line":22,"column":6},"end":{"line":22,"column":35}},"11":{"start":{"line":23,"column":6},"end":{"line":23,"column":55}},"12":{"start":{"line":28,"column":4},"end":{"line":34,"column":null}},"13":{"start":{"line":29,"column":20},"end":{"line":29,"column":44}},"14":{"start":{"line":30,"column":6},"end":{"line":30,"column":25}},"15":{"start":{"line":31,"column":6},"end":{"line":31,"column":34}},"16":{"start":{"line":33,"column":6},"end":{"line":33,"column":55}},"17":{"start":{"line":38,"column":4},"end":{"line":47,"column":null}},"18":{"start":{"line":39,"column":20},"end":{"line":39,"column":94}},"19":{"start":{"line":40,"column":6},"end":{"line":42,"column":null}},"20":{"start":{"line":41,"column":8},"end":{"line":41,"column":68}},"21":{"start":{"line":43,"column":6},"end":{"line":43,"column":38}},"22":{"start":{"line":44,"column":6},"end":{"line":44,"column":34}},"23":{"start":{"line":46,"column":6},"end":{"line":46,"column":55}},"24":{"start":{"line":51,"column":4},"end":{"line":60,"column":null}},"25":{"start":{"line":52,"column":20},"end":{"line":53,"column":67}},"26":{"start":{"line":55,"column":6},"end":{"line":57,"column":null}},"27":{"start":{"line":56,"column":8},"end":{"line":56,"column":68}},"28":{"start":{"line":58,"column":6},"end":{"line":58,"column":34}},"29":{"start":{"line":64,"column":4},"end":{"line":72,"column":null}},"30":{"start":{"line":65,"column":20},"end":{"line":65,"column":69}},"31":{"start":{"line":66,"column":6},"end":{"line":68,"column":null}},"32":{"start":{"line":67,"column":8},"end":{"line":67,"column":68}},"33":{"start":{"line":69,"column":6},"end":{"line":69,"column":57}},"34":{"start":{"line":71,"column":6},"end":{"line":71,"column":55}},"35":{"start":{"line":76,"column":0},"end":{"line":76,"column":37}}},"fnMap":{"0":{"name":"(anonymous_8)","decl":{"start":{"line":5,"column":8},"end":{"line":5,"column":11}},"loc":{"start":{"line":5,"column":39},"end":{"line":12,"column":null}}},"1":{"name":"(anonymous_10)","decl":{"start":{"line":14,"column":8},"end":{"line":14,"column":15}},"loc":{"start":{"line":14,"column":43},"end":{"line":25,"column":null}}},"2":{"name":"(anonymous_12)","decl":{"start":{"line":27,"column":8},"end":{"line":27,"column":12}},"loc":{"start":{"line":27,"column":40},"end":{"line":35,"column":null}}},"3":{"name":"(anonymous_14)","decl":{"start":{"line":37,"column":8},"end":{"line":37,"column":15}},"loc":{"start":{"line":37,"column":43},"end":{"line":48,"column":null}}},"4":{"name":"(anonymous_16)","decl":{"start":{"line":50,"column":8},"end":{"line":50,"column":23}},"loc":{"start":{"line":50,"column":51},"end":{"line":61,"column":null}}},"5":{"name":"(anonymous_18)","decl":{"start":{"line":63,"column":8},"end":{"line":63,"column":18}},"loc":{"start":{"line":63,"column":46},"end":{"line":73,"column":null}}}},"branchMap":{"0":{"loc":{"start":{"line":17,"column":6},"end":{"line":19,"column":null}},"type":"if","locations":[{"start":{"line":17,"column":6},"end":{"line":19,"column":null}}]},"1":{"loc":{"start":{"line":40,"column":6},"end":{"line":42,"column":null}},"type":"if","locations":[{"start":{"line":40,"column":6},"end":{"line":42,"column":null}}]},"2":{"loc":{"start":{"line":55,"column":6},"end":{"line":57,"column":null}},"type":"if","locations":[{"start":{"line":55,"column":6},"end":{"line":57,"column":null}}]},"3":{"loc":{"start":{"line":66,"column":6},"end":{"line":68,"column":null}},"type":"if","locations":[{"start":{"line":66,"column":6},"end":{"line":68,"column":null}}]}},"s":{"0":5,"1":2,"2":2,"3":2,"4":0,"5":3,"6":3,"7":3,"8":0,"9":3,"10":0,"11":0,"12":2,"13":2,"14":2,"15":1,"16":1,"17":1,"18":1,"19":1,"20":0,"21":1,"22":1,"23":0,"24":0,"25":0,"26":0,"27":0,"28":0,"29":2,"30":2,"31":2,"32":0,"33":2,"34":0,"35":5},"f":{"0":2,"1":3,"2":2,"3":1,"4":0,"5":2},"b":{"0":[0],"1":[0],"2":[0],"3":[0]}}
,"C:\\Users\\97252\\Desktop\\studies\\year c\\semester b\\final project\\Final Project\\back1\\Backend\\src\\controllers\\requestedDonation_controller.ts": {"path":"C:\\Users\\97252\\Desktop\\studies\\year c\\semester b\\final project\\Final Project\\back1\\Backend\\src\\controllers\\requestedDonation_controller.ts","statementMap":{"0":{"start":{"line":2,"column":0},"end":{"line":2,"column":66}},"1":{"start":{"line":5,"column":33},"end":{"line":15,"column":6}},"2":{"start":{"line":8,"column":23},"end":{"line":15,"column":6}},"3":{"start":{"line":9,"column":4},"end":{"line":14,"column":null}},"4":{"start":{"line":10,"column":27},"end":{"line":10,"column":57}},"5":{"start":{"line":11,"column":8},"end":{"line":11,"column":43}},"6":{"start":{"line":13,"column":8},"end":{"line":13,"column":84}},"7":{"start":{"line":17,"column":37},"end":{"line":32,"column":6}},"8":{"start":{"line":20,"column":23},"end":{"line":32,"column":6}},"9":{"start":{"line":21,"column":4},"end":{"line":31,"column":null}},"10":{"start":{"line":22,"column":23},"end":{"line":22,"column":33}},"11":{"start":{"line":23,"column":26},"end":{"line":23,"column":62}},"12":{"start":{"line":24,"column":8},"end":{"line":27,"column":null}},"13":{"start":{"line":25,"column":12},"end":{"line":25,"column":65}},"14":{"start":{"line":26,"column":12},"end":{"line":26,"column":19}},"15":{"start":{"line":28,"column":8},"end":{"line":28,"column":40}},"16":{"start":{"line":30,"column":8},"end":{"line":30,"column":84}},"17":{"start":{"line":34,"column":36},"end":{"line":46,"column":6}},"18":{"start":{"line":37,"column":23},"end":{"line":46,"column":6}},"19":{"start":{"line":38,"column":4},"end":{"line":45,"column":null}},"20":{"start":{"line":39,"column":26},"end":{"line":39,"column":57}},"21":{"start":{"line":40,"column":8},"end":{"line":40,"column":31}},"22":{"start":{"line":41,"column":8},"end":{"line":42,"column":null}},"23":{"start":{"line":44,"column":8},"end":{"line":44,"column":79}},"24":{"start":{"line":48,"column":36},"end":{"line":59,"column":7}},"25":{"start":{"line":48,"column":89},"end":{"line":59,"column":7}},"26":{"start":{"line":49,"column":4},"end":{"line":59,"column":6}},"27":{"start":{"line":50,"column":23},"end":{"line":50,"column":33}},"28":{"start":{"line":51,"column":26},"end":{"line":51,"column":98}},"29":{"start":{"line":52,"column":8},"end":{"line":55,"column":null}},"30":{"start":{"line":53,"column":12},"end":{"line":53,"column":55}},"31":{"start":{"line":54,"column":12},"end":{"line":54,"column":19}},"32":{"start":{"line":56,"column":4},"end":{"line":56,"column":36}},"33":{"start":{"line":58,"column":8},"end":{"line":58,"column":79}},"34":{"start":{"line":61,"column":36},"end":{"line":76,"column":6}},"35":{"start":{"line":64,"column":23},"end":{"line":76,"column":6}},"36":{"start":{"line":65,"column":4},"end":{"line":75,"column":null}},"37":{"start":{"line":66,"column":23},"end":{"line":66,"column":33}},"38":{"start":{"line":67,"column":26},"end":{"line":67,"column":71}},"39":{"start":{"line":68,"column":8},"end":{"line":71,"column":null}},"40":{"start":{"line":69,"column":12},"end":{"line":69,"column":65}},"41":{"start":{"line":70,"column":12},"end":{"line":70,"column":19}},"42":{"start":{"line":72,"column":8},"end":{"line":72,"column":31}},"43":{"start":{"line":74,"column":8},"end":{"line":74,"column":79}},"44":{"start":{"line":79,"column":4},"end":{"line":85,"column":6}}},"fnMap":{"0":{"name":"(anonymous_8)","decl":{"start":{"line":5,"column":33},"end":{"line":5,"column":null}},"loc":{"start":{"line":8,"column":23},"end":{"line":15,"column":6}}},"1":{"name":"(anonymous_9)","decl":{"start":{"line":8,"column":23},"end":{"line":8,"column":null}},"loc":{"start":{"line":8,"column":23},"end":{"line":15,"column":5}}},"2":{"name":"(anonymous_10)","decl":{"start":{"line":17,"column":37},"end":{"line":17,"column":null}},"loc":{"start":{"line":20,"column":23},"end":{"line":32,"column":6}}},"3":{"name":"(anonymous_11)","decl":{"start":{"line":20,"column":23},"end":{"line":20,"column":null}},"loc":{"start":{"line":20,"column":23},"end":{"line":32,"column":5}}},"4":{"name":"(anonymous_12)","decl":{"start":{"line":34,"column":36},"end":{"line":34,"column":null}},"loc":{"start":{"line":37,"column":23},"end":{"line":46,"column":6}}},"5":{"name":"(anonymous_13)","decl":{"start":{"line":37,"column":23},"end":{"line":37,"column":null}},"loc":{"start":{"line":37,"column":23},"end":{"line":46,"column":5}}},"6":{"name":"(anonymous_14)","decl":{"start":{"line":48,"column":36},"end":{"line":48,"column":43}},"loc":{"start":{"line":48,"column":89},"end":{"line":59,"column":7}}},"7":{"name":"(anonymous_15)","decl":{"start":{"line":48,"column":89},"end":{"line":48,"column":null}},"loc":{"start":{"line":48,"column":89},"end":{"line":59,"column":6}}},"8":{"name":"(anonymous_16)","decl":{"start":{"line":61,"column":36},"end":{"line":61,"column":null}},"loc":{"start":{"line":64,"column":23},"end":{"line":76,"column":6}}},"9":{"name":"(anonymous_17)","decl":{"start":{"line":64,"column":23},"end":{"line":64,"column":null}},"loc":{"start":{"line":64,"column":23},"end":{"line":76,"column":5}}}},"branchMap":{"0":{"loc":{"start":{"line":24,"column":8},"end":{"line":27,"column":null}},"type":"if","locations":[{"start":{"line":24,"column":8},"end":{"line":27,"column":null}}]},"1":{"loc":{"start":{"line":52,"column":8},"end":{"line":55,"column":null}},"type":"if","locations":[{"start":{"line":52,"column":8},"end":{"line":55,"column":null}}]},"2":{"loc":{"start":{"line":68,"column":8},"end":{"line":71,"column":null}},"type":"if","locations":[{"start":{"line":68,"column":8},"end":{"line":71,"column":null}}]}},"s":{"0":5,"1":5,"2":3,"3":3,"4":3,"5":3,"6":0,"7":5,"8":1,"9":1,"10":1,"11":1,"12":1,"13":0,"14":0,"15":1,"16":0,"17":5,"18":2,"19":2,"20":2,"21":2,"22":2,"23":0,"24":5,"25":2,"26":2,"27":2,"28":2,"29":1,"30":0,"31":0,"32":1,"33":1,"34":5,"35":3,"36":3,"37":3,"38":3,"39":2,"40":0,"41":0,"42":2,"43":1,"44":5},"f":{"0":3,"1":3,"2":1,"3":1,"4":2,"5":2,"6":2,"7":2,"8":3,"9":3},"b":{"0":[0],"1":[0],"2":[0]}}
,"C:\\Users\\97252\\Desktop\\studies\\year c\\semester b\\final project\\Final Project\\back1\\Backend\\src\\models\\donationModal.ts": {"path":"C:\\Users\\97252\\Desktop\\studies\\year c\\semester b\\final project\\Final Project\\back1\\Backend\\src\\models\\donationModal.ts","statementMap":{"0":{"start":{"line":1,"column":0},"end":{"line":1,"column":61}},"1":{"start":{"line":22,"column":23},"end":{"line":83,"column":null}},"2":{"start":{"line":86,"column":22},"end":{"line":86,"column":66}},"3":{"start":{"line":87,"column":0},"end":{"line":87,"column":29}}},"fnMap":{},"branchMap":{},"s":{"0":5,"1":5,"2":5,"3":5},"f":{},"b":{}}
,"C:\\Users\\97252\\Desktop\\studies\\year c\\semester b\\final project\\Final Project\\back1\\Backend\\src\\models\\donor_model.ts": {"path":"C:\\Users\\97252\\Desktop\\studies\\year c\\semester b\\final project\\Final Project\\back1\\Backend\\src\\models\\donor_model.ts","statementMap":{"0":{"start":{"line":1,"column":0},"end":{"line":1,"column":61}},"1":{"start":{"line":18,"column":20},"end":{"line":64,"column":2}},"2":{"start":{"line":66,"column":19},"end":{"line":66,"column":54}},"3":{"start":{"line":68,"column":0},"end":{"line":68,"column":26}}},"fnMap":{},"branchMap":{},"s":{"0":5,"1":5,"2":5,"3":5},"f":{},"b":{}}
,"C:\\Users\\97252\\Desktop\\studies\\year c\\semester b\\final project\\Final Project\\back1\\Backend\\src\\models\\requestedDonation_model.ts": {"path":"C:\\Users\\97252\\Desktop\\studies\\year c\\semester b\\final project\\Final Project\\back1\\Backend\\src\\models\\requestedDonation_model.ts","statementMap":{"0":{"start":{"line":1,"column":0},"end":{"line":1,"column":61}},"1":{"start":{"line":15,"column":32},"end":{"line":49,"column":2}},"2":{"start":{"line":51,"column":31},"end":{"line":51,"column":102}},"3":{"start":{"line":52,"column":0},"end":{"line":52,"column":38}}},"fnMap":{},"branchMap":{},"s":{"0":5,"1":5,"2":5,"3":5},"f":{},"b":{}}
,"C:\\Users\\97252\\Desktop\\studies\\year c\\semester b\\final project\\Final Project\\back1\\Backend\\src\\routes\\auth_route.ts": {"path":"C:\\Users\\97252\\Desktop\\studies\\year c\\semester b\\final project\\Final Project\\back1\\Backend\\src\\routes\\auth_route.ts","statementMap":{"0":{"start":{"line":1,"column":0},"end":{"line":1,"column":30}},"1":{"start":{"line":2,"column":15},"end":{"line":2,"column":31}},"2":{"start":{"line":3,"column":0},"end":{"line":3,"column":60}},"3":{"start":{"line":130,"column":0},"end":{"line":130,"column":50}},"4":{"start":{"line":147,"column":0},"end":{"line":147,"column":58}},"5":{"start":{"line":213,"column":0},"end":{"line":213,"column":44}},"6":{"start":{"line":250,"column":0},"end":{"line":250,"column":45}},"7":{"start":{"line":281,"column":0},"end":{"line":281,"column":52}},"8":{"start":{"line":286,"column":0},"end":{"line":286,"column":22}}},"fnMap":{},"branchMap":{},"s":{"0":5,"1":5,"2":5,"3":5,"4":5,"5":5,"6":5,"7":5,"8":5},"f":{},"b":{}}
,"C:\\Users\\97252\\Desktop\\studies\\year c\\semester b\\final project\\Final Project\\back1\\Backend\\src\\routes\\donation_route.ts": {"path":"C:\\Users\\97252\\Desktop\\studies\\year c\\semester b\\final project\\Final Project\\back1\\Backend\\src\\routes\\donation_route.ts","statementMap":{"0":{"start":{"line":1,"column":0},"end":{"line":1,"column":30}},"1":{"start":{"line":2,"column":0},"end":{"line":2,"column":68}},"2":{"start":{"line":3,"column":0},"end":{"line":3,"column":55}},"3":{"start":{"line":5,"column":15},"end":{"line":5,"column":31}},"4":{"start":{"line":120,"column":0},"end":{"line":120,"column":61}},"5":{"start":{"line":166,"column":0},"end":{"line":166,"column":64}},"6":{"start":{"line":218,"column":0},"end":{"line":218,"column":77}},"7":{"start":{"line":258,"column":0},"end":{"line":258,"column":80}},"8":{"start":{"line":293,"column":0},"end":{"line":293,"column":73}},"9":{"start":{"line":330,"column":0},"end":{"line":330,"column":70}},"10":{"start":{"line":387,"column":0},"end":{"line":387,"column":69}},"11":{"start":{"line":391,"column":0},"end":{"line":391,"column":22}}},"fnMap":{},"branchMap":{},"s":{"0":5,"1":5,"2":5,"3":5,"4":5,"5":5,"6":5,"7":5,"8":5,"9":5,"10":5,"11":5},"f":{},"b":{}}
,"C:\\Users\\97252\\Desktop\\studies\\year c\\semester b\\final project\\Final Project\\back1\\Backend\\src\\routes\\donor_route.ts": {"path":"C:\\Users\\97252\\Desktop\\studies\\year c\\semester b\\final project\\Final Project\\back1\\Backend\\src\\routes\\donor_route.ts","statementMap":{"0":{"start":{"line":1,"column":0},"end":{"line":1,"column":30}},"1":{"start":{"line":2,"column":0},"end":{"line":2,"column":62}},"2":{"start":{"line":3,"column":0},"end":{"line":3,"column":55}},"3":{"start":{"line":5,"column":15},"end":{"line":5,"column":31}},"4":{"start":{"line":23,"column":0},"end":{"line":23,"column":37}},"5":{"start":{"line":47,"column":0},"end":{"line":47,"column":44}},"6":{"start":{"line":69,"column":0},"end":{"line":69,"column":54}},"7":{"start":{"line":99,"column":0},"end":{"line":99,"column":60}},"8":{"start":{"line":119,"column":0},"end":{"line":119,"column":65}},"9":{"start":{"line":123,"column":0},"end":{"line":123,"column":22}}},"fnMap":{},"branchMap":{},"s":{"0":5,"1":5,"2":5,"3":5,"4":5,"5":5,"6":5,"7":5,"8":5,"9":5},"f":{},"b":{}}
,"C:\\Users\\97252\\Desktop\\studies\\year c\\semester b\\final project\\Final Project\\back1\\Backend\\src\\routes\\file_route.ts": {"path":"C:\\Users\\97252\\Desktop\\studies\\year c\\semester b\\final project\\Final Project\\back1\\Backend\\src\\routes\\file_route.ts","statementMap":{"0":{"start":{"line":112,"column":0},"end":{"line":112,"column":30}},"1":{"start":{"line":113,"column":0},"end":{"line":113,"column":28}},"2":{"start":{"line":116,"column":15},"end":{"line":116,"column":31}},"3":{"start":{"line":117,"column":13},"end":{"line":117,"column":44}},"4":{"start":{"line":120,"column":16},"end":{"line":128,"column":2}},"5":{"start":{"line":122,"column":8},"end":{"line":122,"column":28}},"6":{"start":{"line":125,"column":20},"end":{"line":125,"column":54}},"7":{"start":{"line":126,"column":8},"end":{"line":126,"column":41}},"8":{"start":{"line":130,"column":15},"end":{"line":130,"column":43}},"9":{"start":{"line":199,"column":4},"end":{"line":208,"column":7}},"10":{"start":{"line":200,"column":4},"end":{"line":207,"column":null}},"11":{"start":{"line":202,"column":24},"end":{"line":202,"column":83}},"12":{"start":{"line":203,"column":8},"end":{"line":203,"column":53}},"13":{"start":{"line":204,"column":8},"end":{"line":204,"column":47}},"14":{"start":{"line":206,"column":8},"end":{"line":206,"column":49}},"15":{"start":{"line":210,"column":0},"end":{"line":210,"column":22}}},"fnMap":{"0":{"name":"(anonymous_1)","decl":{"start":{"line":121,"column":17},"end":{"line":121,"column":27}},"loc":{"start":{"line":121,"column":40},"end":{"line":123,"column":5}}},"1":{"name":"(anonymous_2)","decl":{"start":{"line":124,"column":14},"end":{"line":124,"column":24}},"loc":{"start":{"line":124,"column":37},"end":{"line":127,"column":5}}},"2":{"name":"(anonymous_3)","decl":{"start":{"line":199,"column":50},"end":{"line":199,"column":60}},"loc":{"start":{"line":199,"column":68},"end":{"line":208,"column":5}}}},"branchMap":{"0":{"loc":{"start":{"line":200,"column":4},"end":{"line":207,"column":null}},"type":"if","locations":[{"start":{"line":200,"column":4},"end":{"line":207,"column":null}},{"start":{"line":205,"column":11},"end":{"line":207,"column":null}}]}},"s":{"0":5,"1":5,"2":5,"3":5,"4":5,"5":1,"6":1,"7":1,"8":5,"9":5,"10":1,"11":1,"12":1,"13":1,"14":0,"15":5},"f":{"0":1,"1":1,"2":1},"b":{"0":[1,0]}}
,"C:\\Users\\97252\\Desktop\\studies\\year c\\semester b\\final project\\Final Project\\back1\\Backend\\src\\routes\\requestedDonation_route.ts": {"path":"C:\\Users\\97252\\Desktop\\studies\\year c\\semester b\\final project\\Final Project\\back1\\Backend\\src\\routes\\requestedDonation_route.ts","statementMap":{"0":{"start":{"line":1,"column":0},"end":{"line":1,"column":30}},"1":{"start":{"line":2,"column":0},"end":{"line":2,"column":86}},"2":{"start":{"line":3,"column":15},"end":{"line":3,"column":31}},"3":{"start":{"line":4,"column":0},"end":{"line":4,"column":55}},"4":{"start":{"line":98,"column":0},"end":{"line":98,"column":79}},"5":{"start":{"line":143,"column":0},"end":{"line":143,"column":82}},"6":{"start":{"line":189,"column":0},"end":{"line":189,"column":93}},"7":{"start":{"line":240,"column":0},"end":{"line":240,"column":103}},"8":{"start":{"line":291,"column":0},"end":{"line":291,"column":107}},"9":{"start":{"line":294,"column":0},"end":{"line":294,"column":22}}},"fnMap":{},"branchMap":{},"s":{"0":5,"1":5,"2":5,"3":5,"4":5,"5":5,"6":5,"7":5,"8":5,"9":5},"f":{},"b":{}}
}
