{"C:\\Users\\amnav\\Desktop\\year C\\backend project\\Backend\\client\\src\\models\\donation_model.ts": {"path":"C:\\Users\\amnav\\Desktop\\year C\\backend project\\Backend\\client\\src\\models\\donation_model.ts","statementMap":{"0":{"start":{"line":1,"column":0},"end":{"line":1,"column":32}},"1":{"start":{"line":25,"column":23},"end":{"line":60,"column":2}},"2":{"start":{"line":62,"column":13},"end":{"line":62,"column":83}},"3":{"start":{"line":63,"column":0},"end":{"line":63,"column":29}}},"fnMap":{},"branchMap":{},"s":{"0":2,"1":2,"2":2,"3":2},"f":{},"b":{}}
,"C:\\Users\\amnav\\Desktop\\year C\\backend project\\Backend\\client\\src\\models\\donor_model.ts": {"path":"C:\\Users\\amnav\\Desktop\\year C\\backend project\\Backend\\client\\src\\models\\donor_model.ts","statementMap":{"0":{"start":{"line":1,"column":0},"end":{"line":1,"column":51}},"1":{"start":{"line":16,"column":20},"end":{"line":47,"column":2}},"2":{"start":{"line":49,"column":19},"end":{"line":49,"column":54}},"3":{"start":{"line":51,"column":0},"end":{"line":51,"column":26}}},"fnMap":{},"branchMap":{},"s":{"0":2,"1":2,"2":2,"3":2},"f":{},"b":{}}
}
