TN:
SF:src\App.ts
FN:31,(anonymous_1)
FN:37,(anonymous_2)
FN:40,(anonymous_3)
FN:41,(anonymous_4)
FN:52,(anonymous_5)
FN:58,(anonymous_6)
FN:95,(anonymous_7)
FN:101,(anonymous_8)
FNF:8
FNH:5
FNDA:5,(anonymous_1)
FNDA:5,(anonymous_2)
FNDA:5,(anonymous_3)
FNDA:0,(anonymous_4)
FNDA:5,(anonymous_5)
FNDA:73,(anonymous_6)
FNDA:0,(anonymous_7)
FNDA:0,(anonymous_8)
DA:1,5
DA:5,5
DA:6,5
DA:7,5
DA:9,5
DA:10,5
DA:11,5
DA:12,5
DA:13,5
DA:14,5
DA:15,5
DA:16,5
DA:17,5
DA:19,5
DA:20,5
DA:21,5
DA:23,0
DA:24,0
DA:26,0
DA:31,5
DA:35,5
DA:36,5
DA:37,5
DA:38,5
DA:39,5
DA:40,5
DA:41,5
DA:42,0
DA:43,0
DA:46,5
DA:47,5
DA:48,0
DA:51,5
DA:53,5
DA:54,5
DA:55,5
DA:56,5
DA:58,5
DA:59,73
DA:60,73
DA:61,73
DA:62,73
DA:65,5
DA:77,5
DA:78,5
DA:80,5
DA:88,5
DA:89,5
DA:90,5
DA:91,5
DA:92,5
DA:93,5
DA:94,5
DA:95,5
DA:96,0
DA:99,5
DA:102,0
DA:103,0
DA:106,0
DA:107,0
DA:111,5
DA:114,5
LF:62
LH:51
BRDA:19,0,0,5
BRDA:19,0,1,0
BRDA:23,1,0,0
BRDA:23,1,1,0
BRDA:47,2,0,0
BRF:5
BRH:1
end_of_record
TN:
SF:src\common\auth_middelware.ts
FN:7,(anonymous_1)
FN:11,(anonymous_2)
FNF:2
FNH:2
FNDA:24,(anonymous_1)
FNDA:23,(anonymous_2)
DA:2,5
DA:7,5
DA:8,24
DA:9,24
DA:10,24
DA:11,23
DA:12,23
DA:13,2
DA:14,2
DA:16,21
DA:17,21
DA:21,5
LF:12
LH:12
BRDA:9,0,0,24
BRDA:9,0,1,23
BRDA:10,1,0,1
BRDA:12,2,0,2
BRF:4
BRH:4
end_of_record
TN:
SF:src\controllers\auth_controller.ts
FN:11,(anonymous_8)
FN:11,(anonymous_9)
FN:49,(anonymous_10)
FN:49,(anonymous_11)
FN:65,(anonymous_12)
FN:65,(anonymous_13)
FN:106,(anonymous_14)
FN:106,(anonymous_15)
FN:138,(anonymous_16)
FN:138,(anonymous_17)
FN:142,(anonymous_18)
FN:142,(anonymous_19)
FN:152,(anonymous_20)
FN:164,(anonymous_21)
FN:164,(anonymous_22)
FN:169,(anonymous_23)
FN:169,(anonymous_24)
FN:189,(anonymous_25)
FNF:18
FNH:18
FNDA:1,(anonymous_8)
FNDA:1,(anonymous_9)
FNDA:8,(anonymous_10)
FNDA:8,(anonymous_11)
FNDA:8,(anonymous_12)
FNDA:8,(anonymous_13)
FNDA:10,(anonymous_14)
FNDA:10,(anonymous_15)
FNDA:4,(anonymous_16)
FNDA:4,(anonymous_17)
FNDA:3,(anonymous_18)
FNDA:3,(anonymous_19)
FNDA:1,(anonymous_20)
FNDA:5,(anonymous_21)
FNDA:5,(anonymous_22)
FNDA:3,(anonymous_23)
FNDA:3,(anonymous_24)
FNDA:2,(anonymous_25)
DA:2,5
DA:3,5
DA:4,5
DA:5,5
DA:9,5
DA:11,5
DA:12,1
DA:13,1
DA:17,0
DA:19,0
DA:20,0
DA:21,0
DA:22,0
DA:23,0
DA:33,0
DA:34,0
DA:39,0
DA:41,0
DA:44,1
DA:45,1
DA:49,8
DA:50,8
DA:51,8
DA:52,8
DA:53,0
DA:55,8
DA:58,8
DA:59,8
DA:65,8
DA:66,8
DA:67,8
DA:68,3
DA:70,5
DA:71,5
DA:72,5
DA:73,2
DA:75,3
DA:76,3
DA:77,3
DA:89,3
DA:90,3
DA:101,0
DA:102,0
DA:106,10
DA:107,10
DA:108,10
DA:109,3
DA:110,3
DA:112,7
DA:113,7
DA:114,7
DA:115,1
DA:116,1
DA:118,6
DA:119,6
DA:120,1
DA:121,1
DA:123,5
DA:124,5
DA:134,0
DA:138,5
DA:139,4
DA:140,4
DA:141,4
DA:142,3
DA:143,3
DA:144,2
DA:145,2
DA:146,2
DA:147,2
DA:148,1
DA:149,1
DA:150,1
DA:152,1
DA:153,1
DA:154,1
DA:155,1
DA:159,0
DA:164,5
DA:165,5
DA:166,5
DA:167,5
DA:168,3
DA:169,3
DA:170,3
DA:171,0
DA:172,0
DA:174,3
DA:175,3
DA:176,3
DA:177,0
DA:178,0
DA:180,3
DA:181,2
DA:182,2
DA:183,2
DA:184,2
DA:185,2
DA:187,1
DA:188,1
DA:189,2
DA:190,1
DA:191,1
DA:192,1
DA:193,1
DA:194,1
DA:195,1
DA:200,0
DA:201,0
DA:237,5
LF:110
LH:89
BRDA:19,0,0,0
BRDA:19,0,1,0
BRDA:19,1,0,0
BRDA:19,1,1,0
BRDA:20,2,0,0
BRDA:20,2,1,0
BRDA:22,3,0,0
BRDA:24,4,0,0
BRDA:24,4,1,0
BRDA:24,5,0,0
BRDA:24,5,1,0
BRDA:25,6,0,0
BRDA:25,6,1,0
BRDA:25,7,0,0
BRDA:25,7,1,0
BRDA:52,8,0,0
BRDA:52,8,1,8
BRDA:67,9,0,3
BRDA:67,10,0,8
BRDA:67,10,1,6
BRDA:72,11,0,2
BRDA:108,12,0,3
BRDA:108,13,0,10
BRDA:108,13,1,8
BRDA:114,14,0,1
BRDA:119,15,0,1
BRDA:140,16,0,4
BRDA:140,16,1,3
BRDA:141,17,0,1
BRDA:143,18,0,1
BRDA:146,19,0,2
BRDA:147,20,0,1
BRDA:147,20,1,1
BRDA:147,21,0,2
BRDA:147,21,1,2
BRDA:166,22,0,5
BRDA:166,22,1,5
BRDA:167,23,0,2
BRDA:170,24,0,0
BRDA:176,25,0,0
BRDA:180,26,0,2
BRDA:180,27,0,3
BRDA:180,27,1,3
BRF:43
BRH:25
end_of_record
TN:
SF:src\controllers\donation_controller.ts
FN:5,(anonymous_8)
FN:5,(anonymous_9)
FN:14,(anonymous_10)
FN:14,(anonymous_11)
FN:28,(anonymous_12)
FN:28,(anonymous_13)
FN:43,(anonymous_14)
FN:43,(anonymous_15)
FN:58,(anonymous_16)
FN:58,(anonymous_17)
FN:70,(anonymous_18)
FN:70,(anonymous_19)
FNF:12
FNH:12
FNDA:3,(anonymous_8)
FNDA:3,(anonymous_9)
FNDA:2,(anonymous_10)
FNDA:2,(anonymous_11)
FNDA:2,(anonymous_12)
FNDA:2,(anonymous_13)
FNDA:3,(anonymous_14)
FNDA:3,(anonymous_15)
FNDA:2,(anonymous_16)
FNDA:2,(anonymous_17)
FNDA:3,(anonymous_18)
FNDA:3,(anonymous_19)
DA:2,5
DA:3,5
DA:5,5
DA:6,3
DA:7,3
DA:8,3
DA:10,0
DA:14,5
DA:15,2
DA:16,2
DA:17,2
DA:18,1
DA:19,0
DA:20,0
DA:22,1
DA:24,1
DA:28,5
DA:29,2
DA:30,2
DA:31,2
DA:32,1
DA:33,0
DA:34,0
DA:36,1
DA:38,1
DA:39,1
DA:43,5
DA:44,3
DA:45,3
DA:46,3
DA:47,2
DA:48,0
DA:51,2
DA:53,1
DA:54,1
DA:58,5
DA:59,2
DA:60,2
DA:61,2
DA:62,2
DA:64,0
DA:65,0
DA:70,5
DA:71,3
DA:72,3
DA:73,3
DA:75,3
DA:76,0
DA:77,0
DA:80,3
DA:82,2
DA:83,1
DA:84,1
DA:85,1
DA:87,1
DA:89,1
DA:90,1
DA:94,5
LF:58
LH:48
BRDA:18,0,0,0
BRDA:32,1,0,0
BRDA:47,2,0,0
BRDA:75,3,0,0
BRDA:82,4,0,1
BRF:5
BRH:1
end_of_record
TN:
SF:src\controllers\donor_controller.ts
FN:5,(anonymous_8)
FN:14,(anonymous_10)
FN:27,(anonymous_12)
FN:37,(anonymous_14)
FN:63,(anonymous_16)
FNF:5
FNH:5
FNDA:2,(anonymous_8)
FNDA:4,(anonymous_10)
FNDA:2,(anonymous_12)
FNDA:2,(anonymous_14)
FNDA:3,(anonymous_16)
DA:2,5
DA:6,2
DA:7,2
DA:8,2
DA:10,0
DA:15,4
DA:16,4
DA:17,3
DA:18,0
DA:20,3
DA:22,1
DA:23,1
DA:28,2
DA:29,2
DA:30,2
DA:31,1
DA:33,1
DA:38,2
DA:39,2
DA:40,1
DA:41,0
DA:43,1
DA:44,1
DA:46,1
DA:64,3
DA:65,3
DA:66,2
DA:67,0
DA:69,2
DA:71,1
DA:76,5
LF:31
LH:27
BRDA:17,0,0,0
BRDA:40,1,0,0
BRDA:66,2,0,0
BRF:3
BRH:0
end_of_record
TN:
SF:src\controllers\requestedDonation_controller.ts
FN:5,(anonymous_8)
FN:8,(anonymous_9)
FN:17,(anonymous_10)
FN:20,(anonymous_11)
FN:34,(anonymous_12)
FN:37,(anonymous_13)
FN:48,(anonymous_14)
FN:48,(anonymous_15)
FN:61,(anonymous_16)
FN:64,(anonymous_17)
FNF:10
FNH:10
FNDA:3,(anonymous_8)
FNDA:3,(anonymous_9)
FNDA:2,(anonymous_10)
FNDA:2,(anonymous_11)
FNDA:2,(anonymous_12)
FNDA:2,(anonymous_13)
FNDA:2,(anonymous_14)
FNDA:2,(anonymous_15)
FNDA:3,(anonymous_16)
FNDA:3,(anonymous_17)
DA:2,5
DA:5,5
DA:8,3
DA:9,3
DA:10,3
DA:11,3
DA:13,0
DA:17,5
DA:20,2
DA:21,2
DA:22,2
DA:23,2
DA:24,1
DA:25,0
DA:26,0
DA:28,1
DA:30,1
DA:34,5
DA:37,2
DA:38,2
DA:39,2
DA:40,2
DA:41,2
DA:44,0
DA:48,5
DA:49,2
DA:50,2
DA:51,2
DA:52,1
DA:53,0
DA:54,0
DA:56,1
DA:58,1
DA:61,5
DA:64,3
DA:65,3
DA:66,3
DA:67,3
DA:68,2
DA:69,0
DA:70,0
DA:72,2
DA:74,1
DA:79,5
LF:44
LH:36
BRDA:24,0,0,0
BRDA:52,1,0,0
BRDA:68,2,0,0
BRF:3
BRH:0
end_of_record
TN:
SF:src\models\donationModal.ts
FNF:0
FNH:0
DA:1,5
DA:22,5
DA:86,5
DA:87,5
LF:4
LH:4
BRF:0
BRH:0
end_of_record
TN:
SF:src\models\donor_model.ts
FNF:0
FNH:0
DA:1,5
DA:18,5
DA:66,5
DA:68,5
LF:4
LH:4
BRF:0
BRH:0
end_of_record
TN:
SF:src\models\requestedDonation_model.ts
FNF:0
FNH:0
DA:1,5
DA:15,5
DA:51,5
DA:52,5
LF:4
LH:4
BRF:0
BRH:0
end_of_record
TN:
SF:src\routes\auth_route.ts
FNF:0
FNH:0
DA:1,5
DA:2,5
DA:3,5
DA:130,5
DA:147,5
DA:213,5
DA:250,5
DA:281,5
DA:286,5
LF:9
LH:9
BRF:0
BRH:0
end_of_record
TN:
SF:src\routes\donation_route.ts
FNF:0
FNH:0
DA:1,5
DA:2,5
DA:3,5
DA:5,5
DA:120,5
DA:166,5
DA:218,5
DA:258,5
DA:293,5
DA:330,5
DA:387,5
DA:391,5
LF:12
LH:12
BRF:0
BRH:0
end_of_record
TN:
SF:src\routes\donor_route.ts
FNF:0
FNH:0
DA:1,5
DA:2,5
DA:3,5
DA:5,5
DA:23,5
DA:47,5
DA:69,5
DA:99,5
DA:119,5
DA:123,5
LF:10
LH:10
BRF:0
BRH:0
end_of_record
TN:
SF:src\routes\file_route.ts
FN:121,(anonymous_1)
FN:124,(anonymous_2)
FN:199,(anonymous_3)
FNF:3
FNH:3
FNDA:1,(anonymous_1)
FNDA:1,(anonymous_2)
FNDA:1,(anonymous_3)
DA:112,5
DA:113,5
DA:116,5
DA:117,5
DA:120,5
DA:122,1
DA:125,1
DA:126,1
DA:130,5
DA:199,5
DA:200,1
DA:202,1
DA:203,1
DA:204,1
DA:206,0
DA:210,5
LF:16
LH:15
BRDA:200,0,0,1
BRDA:200,0,1,0
BRF:2
BRH:1
end_of_record
TN:
SF:src\routes\requestedDonation_route.ts
FNF:0
FNH:0
DA:1,5
DA:2,5
DA:3,5
DA:4,5
DA:98,5
DA:143,5
DA:189,5
DA:240,5
DA:291,5
DA:294,5
LF:10
LH:10
BRF:0
BRH:0
end_of_record
